<?xml version="1.0" encoding="UTF-8"?>
<!-- Generated by org.testng.reporters.JUnitReportReporter -->
<testsuite hostname="192.168.1.193" failures="0" tests="4" name="com.example.Regres" time="3.289" errors="0" timestamp="2021-08-27T20:44:40 BST" skipped="0">
  <testcase classname="com.example.Regres" name="listResourceValidateIds" time="0.230"/>
  <system-out/>
  <testcase classname="com.example.Regres" name="registerSuccessful" time="0.127"/>
  <system-out/>
  <testcase classname="com.example.Regres" name="listResource" time="2.460"/>
  <system-out/>
  <testcase classname="com.example.Regres" name="loginSuccessful" time="0.472"/>
  <system-out/>
</testsuite> <!-- com.example.Regres -->
