<?xml version="1.0" encoding="UTF-8"?>
<!-- Generated by org.testng.reporters.JUnitReportReporter -->
<testsuite hostname="192.168.1.193" failures="0" tests="6" name="com.example.NewTest" time="3.387" errors="0" timestamp="2021-08-25T02:25:17 BST" skipped="0">
  <testcase classname="com.example.NewTest" name="listResource" time="0.582"/>
  <system-out/>
  <testcase classname="com.example.NewTest" name="listUsers" time="0.076"/>
  <system-out/>
  <testcase classname="com.example.NewTest" name="registerSuccessful" time="0.147"/>
  <system-out/>
  <testcase classname="com.example.NewTest" name="createUser" time="2.321"/>
  <system-out/>
  <testcase classname="com.example.NewTest" name="listResource1" time="0.141"/>
  <system-out/>
  <testcase classname="com.example.NewTest" name="loginSuccessful" time="0.120"/>
  <system-out/>
</testsuite> <!-- com.example.NewTest -->
